1537921198.282838 client started (11949): version 2.7, socket /private/tmp/tmux-501/default, protocol 8
1537921198.282892 on Darwin 18.0.0 Darwin Kernel Version 18.0.0: Wed Aug 22 20:13:40 PDT 2018; root:xnu-4903.201.2~1/RELEASE_X86_64; libevent 2.1.8-stable (select)
1537921198.282933 socket is /private/tmp/tmux-501/default
1537921198.282955 trying connect
1537921198.282981 connect failed: Connection refused
1537921198.283195 lock file is /private/tmp/tmux-501/default.lock
1537921198.283279 flock succeeded
1537921198.283289 got lock (6)
1537921198.283299 trying connect
1537921198.283311 connect failed: Connection refused
1537921198.283806 add peer 0x7fed23839600: 7 (0x0)
1537921198.285480 sending message 100 to peer 0x7fed23839600 (4 bytes)
1537921198.285503 sending message 101 to peer 0x7fed23839600 (15 bytes)
1537921198.285512 sending message 102 to peer 0x7fed23839600 (13 bytes)
1537921198.285520 sending message 108 to peer 0x7fed23839600 (50 bytes)
1537921198.285539 sending message 104 to peer 0x7fed23839600 (0 bytes)
1537921198.285547 sending message 107 to peer 0x7fed23839600 (4 bytes)
1537921198.285555 sending message 105 to peer 0x7fed23839600 (57 bytes)
1537921198.285563 sending message 105 to peer 0x7fed23839600 (38 bytes)
1537921198.285571 sending message 105 to peer 0x7fed23839600 (17 bytes)
1537921198.285578 sending message 105 to peer 0x7fed23839600 (15 bytes)
1537921198.285586 sending message 105 to peer 0x7fed23839600 (76 bytes)
1537921198.285593 sending message 105 to peer 0x7fed23839600 (66 bytes)
1537921198.285601 sending message 105 to peer 0x7fed23839600 (370 bytes)
1537921198.285608 sending message 105 to peer 0x7fed23839600 (13 bytes)
1537921198.285616 sending message 105 to peer 0x7fed23839600 (19 bytes)
1537921198.285623 sending message 105 to peer 0x7fed23839600 (10 bytes)
1537921198.285631 sending message 105 to peer 0x7fed23839600 (14 bytes)
1537921198.285638 sending message 105 to peer 0x7fed23839600 (18 bytes)
1537921198.285646 sending message 105 to peer 0x7fed23839600 (20 bytes)
1537921198.285653 sending message 105 to peer 0x7fed23839600 (20 bytes)
1537921198.285661 sending message 105 to peer 0x7fed23839600 (68 bytes)
1537921198.285668 sending message 105 to peer 0x7fed23839600 (8 bytes)
1537921198.285676 sending message 105 to peer 0x7fed23839600 (54 bytes)
1537921198.285683 sending message 105 to peer 0x7fed23839600 (63 bytes)
1537921198.285691 sending message 105 to peer 0x7fed23839600 (13 bytes)
1537921198.285698 sending message 105 to peer 0x7fed23839600 (12 bytes)
1537921198.285705 sending message 105 to peer 0x7fed23839600 (12 bytes)
1537921198.285713 sending message 105 to peer 0x7fed23839600 (11 bytes)
1537921198.285720 sending message 105 to peer 0x7fed23839600 (17 bytes)
1537921198.285728 sending message 105 to peer 0x7fed23839600 (34 bytes)
1537921198.285735 sending message 105 to peer 0x7fed23839600 (25 bytes)
1537921198.285743 sending message 105 to peer 0x7fed23839600 (25 bytes)
1537921198.285750 sending message 105 to peer 0x7fed23839600 (21 bytes)
1537921198.285757 sending message 105 to peer 0x7fed23839600 (21 bytes)
1537921198.285765 sending message 105 to peer 0x7fed23839600 (28 bytes)
1537921198.285772 sending message 105 to peer 0x7fed23839600 (21 bytes)
1537921198.285780 sending message 105 to peer 0x7fed23839600 (25 bytes)
1537921198.285787 sending message 105 to peer 0x7fed23839600 (32 bytes)
1537921198.285795 sending message 105 to peer 0x7fed23839600 (107 bytes)
1537921198.285803 sending message 105 to peer 0x7fed23839600 (17 bytes)
1537921198.285810 sending message 105 to peer 0x7fed23839600 (21 bytes)
1537921198.285817 sending message 105 to peer 0x7fed23839600 (37 bytes)
1537921198.285825 sending message 105 to peer 0x7fed23839600 (29 bytes)
1537921198.285832 sending message 105 to peer 0x7fed23839600 (48 bytes)
1537921198.285840 sending message 105 to peer 0x7fed23839600 (42 bytes)
1537921198.285847 sending message 105 to peer 0x7fed23839600 (22 bytes)
1537921198.285855 sending message 105 to peer 0x7fed23839600 (227 bytes)
1537921198.285862 sending message 105 to peer 0x7fed23839600 (39 bytes)
1537921198.285879 sending message 105 to peer 0x7fed23839600 (59 bytes)
1537921198.285885 sending message 105 to peer 0x7fed23839600 (22 bytes)
1537921198.285890 sending message 106 to peer 0x7fed23839600 (0 bytes)
1537921198.285896 sending message 200 to peer 0x7fed23839600 (4 bytes)
1537921198.285901 client loop enter
1537921198.297101 peer 0x7fed23839600 message 207
1537921198.297116 sending message 208 to peer 0x7fed23839600 (0 bytes)
1537921198.305203 peer 0x7fed23839600 message 203
1537921198.305221 sending message 205 to peer 0x7fed23839600 (0 bytes)
1537921198.305490 peer 0x7fed23839600 message 204
1537921198.305502 client loop exit
